           _     _ 
 ___  __ _| | __| |
/ __|/ _` | |/ _` |
\__ \ (_| | | (_| |
|___/\__, |_|\__,_|
        |_|        

Welcome to sqld!

version: 0.24.27
commit SHA: 7bd8527fe00dbe65c3c56534097fab09e96e2790
build date: 2024-10-09

This software is in BETA version.
If you encounter any bug, please open an issue at https://github.com/tursodatabase/libsql/issues

config:
	- mode: standalone
	- database path: /home/ubuntu/2025-projs/fleet-mgmt-turbo/db-data
	- extensions path: <disabled>
	- listening for HTTP requests on: 127.0.0.1:9191
	- grpc_tls: no
2025-01-02T20:05:21.523196Z  INFO sqld: listening for incoming user HTTP connection on 127.0.0.1:9191
2025-01-02T20:05:21.540147Z  INFO restore: libsql_server::namespace::meta_store: restoring meta store
2025-01-02T20:05:21.540255Z  INFO restore: libsql_server::namespace::meta_store: meta store restore completed
2025-01-02T20:05:21.540981Z  INFO libsql_server: Server sending heartbeat to URL <not supplied> every 30s
2025-01-02T20:05:21.549931Z  INFO create:try_new_primary:make_primary_connection_maker: libsql_server::replication::primary::logger: SQLite autocheckpoint: 1000
2025-01-02T21:00:52.146676Z ERROR timings_middleware{req_id=af989767-cc19-469c-b29b-096e9da8bb06}: libsql_server::hrana::http: hrana server: Stream handle for 4251811481397161901 is expired
2025-01-02T21:01:14.667132Z ERROR timings_middleware{req_id=ce3ab3b8-de36-4b63-a9ce-84b0a9e81fe4}: libsql_server::hrana::http: hrana server: Stream handle for 1617836269326807791 is expired
2025-01-03T04:41:05.103479Z ERROR timings_middleware{req_id=f78085ea-4b8e-4b02-81d5-e7f97b267df4}: libsql_server::hrana::http: hrana server: Stream handle for 1499936616779935985 is expired
2025-01-03T04:41:05.113914Z ERROR timings_middleware{req_id=091b9abf-8682-4ba1-b4e2-4b26e60a181e}: sqlite3Parser: near ID, "Token(Some("ta"))": syntax error    
2025-01-03T04:42:03.456813Z ERROR timings_middleware{req_id=54ae3f3d-8479-42b9-9cc5-2e8d829d2248}: libsql_server::hrana::http: hrana server: Stream handle for 10344679335719586281 is expired
2025-01-03T04:42:15.736425Z ERROR timings_middleware{req_id=ade54ab1-649c-4ebd-b8e8-97e1c5fc9384}: sqlite3Parser: near TABLE, "Token(None)": syntax error    
2025-01-03T04:43:32.946597Z ERROR timings_middleware{req_id=12723aa8-29ed-48e9-8b65-391254cc1b3a}: libsql_server::hrana::http: hrana server: Stream handle for 8462773082715656110 is expired
2025-01-03T04:43:55.626984Z ERROR timings_middleware{req_id=a8737eba-74d3-4674-b0d3-11a0f282160c}: libsql_server::hrana::http: hrana server: Stream handle for 3086394042282469275 is expired
2025-01-03T05:19:58.699068Z ERROR timings_middleware{req_id=bbb4abdd-c06c-4ae4-8a05-635a872320c1}: libsql_server::hrana::http: hrana server: Stream handle for 18146235666149802852 was not found
2025-01-05T17:45:44.796903Z  INFO timings_middleware{req_id=721e9e51-e77f-487c-8191-dc99c0577350}: libsql_server::namespace::store: namespace `default` deallocated
2025-01-05T17:45:44.811822Z  INFO timings_middleware{req_id=721e9e51-e77f-487c-8191-dc99c0577350}:try_new_primary:make_primary_connection_maker: libsql_server::replication::primary::logger: SQLite autocheckpoint: 1000
2025-01-05T19:38:02.965668Z ERROR timings_middleware{req_id=ca45f5c3-6da2-47d4-aec2-4547726b5ef9}: libsql_server::hrana::http: hrana server: Stream handle for 15696911826766862363 was not found
2025-01-05T19:38:29.272683Z ERROR timings_middleware{req_id=a3ed13fc-7c4e-47b1-9ae9-c26facc585f6}: libsql_server::hrana::http: hrana server: Stream handle for 9178595248999264597 is expired
2025-01-05T19:38:49.543250Z ERROR timings_middleware{req_id=b7b9273c-da5f-4363-a122-e40701fb752a}: sqlite3Parser: near SEMI, "Token(None)": syntax error    
2025-01-05T19:38:49.543619Z ERROR timings_middleware{req_id=b7b9273c-da5f-4363-a122-e40701fb752a}: sqlite3Parser: incomplete input    
2025-01-05T19:39:00.006296Z ERROR timings_middleware{req_id=5d8cd945-0f11-45a9-9342-df79195fac5f}: libsql_server::hrana::http: hrana server: Stream handle for 3709613424215262942 is expired
2025-01-05T19:45:06.153858Z ERROR timings_middleware{req_id=13ab92fe-7b42-4eed-aac4-0d9a4744550b}: libsql_server::hrana::http: hrana server: Stream handle for 15504183256836490137 is expired
2025-01-05T20:12:44.070119Z ERROR timings_middleware{req_id=8623ae04-c4f7-41f7-af76-ae829d3d04e5}: libsql_server::hrana::http: hrana server: Stream handle for 11971835428963517892 was not found
2025-01-05T20:13:43.703066Z ERROR timings_middleware{req_id=227be062-dadd-40bb-98bf-0e0d46e72b09}: libsql_server::hrana::http: hrana server: Stream handle for 13774090657382484055 is expired
2025-01-05T20:13:43.703793Z ERROR timings_middleware{req_id=4eebbe02-37ae-4f44-a4fa-9e228c23ea90}: sqlite3Parser: near STRING, "Token(Some("'1234567890'"))": syntax error    
2025-01-05T20:14:07.670906Z ERROR timings_middleware{req_id=064618ea-767e-461f-b1f2-d3e7fe7ee1ae}: libsql_server::hrana::http: hrana server: Stream handle for 16420097393837824979 is expired
2025-01-05T20:14:39.703821Z ERROR timings_middleware{req_id=995fe62f-7769-42a8-af91-708a8b98d46b}: libsql_server::hrana::http: hrana server: Stream handle for 1973356932443666605 is expired
2025-01-05T20:18:41.300165Z ERROR timings_middleware{req_id=a5d78262-4fef-499c-b50c-7a1016160a10}: libsql_server::hrana::http: hrana server: Stream handle for 5107502604232594238 is expired
2025-01-05T20:28:16.065077Z ERROR timings_middleware{req_id=76e4106a-4452-4758-a260-8689fb85d15c}: libsql_server::hrana::http: hrana server: Stream handle for 7369678741226606840 was not found
2025-01-05T20:28:16.069617Z ERROR timings_middleware{req_id=747d803b-d5c0-4c13-a9c4-1ada3e828101}: sqlite3Parser: near ID, "Token(Some("→"))": syntax error    
2025-01-05T20:28:17.559951Z ERROR timings_middleware{req_id=36bdb08c-7920-4f9c-883c-d5c5479594d6}: sqlite3Parser: near ID, "Token(Some("→"))": syntax error    
2025-01-05T20:28:49.017448Z ERROR timings_middleware{req_id=12579d67-1bc9-40fd-aeaf-f81dffa5ca0b}: libsql_server::hrana::http: hrana server: Stream handle for 12306816957537991551 is expired
2025-01-05T20:28:49.017891Z ERROR timings_middleware{req_id=d036cc4c-dc05-428f-b56c-0aa5a4ca4bad}: sqlite3Parser: near COMMA, "Token(None)": syntax error    
2025-01-05T20:29:24.766132Z ERROR timings_middleware{req_id=75f4551d-e341-4b36-8599-0b45b6761535}: libsql_server::hrana::http: hrana server: Stream handle for 4754800799709890948 is expired
2025-01-05T20:29:24.766648Z ERROR timings_middleware{req_id=e0661d0b-2810-454e-a9df-848a3864289b}: sqlite3Parser: near COMMA, "Token(None)": syntax error    
2025-01-05T20:29:52.146699Z ERROR timings_middleware{req_id=105f2a3c-e243-4510-ae55-450e809cca03}: libsql_server::hrana::http: hrana server: Stream handle for 7943893335637344219 is expired
2025-01-05T20:31:09.560594Z ERROR timings_middleware{req_id=81a099c3-788c-46b4-ba12-dfe261a7a513}: libsql_server::hrana::http: hrana server: Stream handle for 6403823262158533717 is expired
2025-01-05T20:31:32.072702Z ERROR timings_middleware{req_id=42343238-dee5-4e2d-9a90-cb45160b520f}: libsql_server::hrana::http: hrana server: Stream handle for 2167795689595673594 is expired
2025-01-05T20:31:32.073160Z ERROR timings_middleware{req_id=9c49f747-d3de-42e9-9595-4fd41b34fe50}: sqlite3Parser: near DOT, "Token(None)": syntax error    
2025-01-05T20:32:00.971827Z ERROR timings_middleware{req_id=213746d3-4d0d-4b6c-a6a5-0cdadc8ecddb}: libsql_server::hrana::http: hrana server: Stream handle for 14152809075091835407 is expired
2025-01-05T20:37:23.426251Z ERROR timings_middleware{req_id=46001154-ba28-486c-9efc-9056493a33ab}: libsql_server::hrana::http: hrana server: Stream handle for 1689452264266347634 is expired
2025-01-05T20:45:44.911329Z ERROR timings_middleware{req_id=40269ee5-6886-4c54-8aca-b0cdd33654d4}: libsql_server::hrana::http: hrana server: Stream handle for 15673197934830548875 was not found
2025-01-05T21:37:53.036246Z ERROR timings_middleware{req_id=cfea8e68-0d65-45d6-9ba9-1ecc3b8bf022}: libsql_server::hrana::http: hrana server: Stream handle for 4264823703934847503 was not found
2025-01-05T21:38:16.073247Z ERROR timings_middleware{req_id=91d8b296-6b7a-41e9-bb48-70468b6db1bf}: libsql_server::hrana::http: hrana server: Stream handle for 2010822523561366123 is expired
2025-01-05T21:38:28.984719Z ERROR timings_middleware{req_id=ea54eba9-0611-4898-8e33-3127b5ac9647}: libsql_server::hrana::http: hrana server: Stream handle for 13914602242347407792 is expired
2025-01-05T21:41:17.137370Z ERROR timings_middleware{req_id=be5ad1b5-cde0-4c09-a411-ceb02526f225}: libsql_server::hrana::http: hrana server: Stream handle for 8610465700260142378 is expired
2025-01-07T05:31:02.042592Z ERROR timings_middleware{req_id=4c220ea9-9f0c-44b9-9883-54eca0679118}: sqlite3Parser: near ID, "Token(Some("drivers"))": syntax error    
2025-01-07T05:31:02.042441Z ERROR timings_middleware{req_id=6357e623-db57-4479-b054-bed2d42669e1}: libsql_server::hrana::http: hrana server: Stream handle for 4812131601395225469 is expired
2025-01-07T05:31:45.775850Z ERROR timings_middleware{req_id=1800b86d-8b75-46ec-b4b2-36964602dc9c}: libsql_server::hrana::http: hrana server: Stream handle for 9540128686885425315 is expired
2025-01-10T06:27:06.351155Z  INFO timings_middleware{req_id=e6d0af55-f2a2-4aee-a9f5-dfaa0e2138b2}: libsql_server::namespace::store: namespace `default` deallocated
2025-01-10T06:27:06.368181Z  INFO timings_middleware{req_id=e6d0af55-f2a2-4aee-a9f5-dfaa0e2138b2}:try_new_primary:make_primary_connection_maker: libsql_server::replication::primary::logger: SQLite autocheckpoint: 1000
